<?xml version="1.0" encoding="UTF-8"?>
<!-- Generated by org.testng.reporters.JUnitXMLReporter -->
<testsuite ignored="0" hostname="DESKTOP-KA6N6HD" failures="0" tests="1" name="Default test(failed)" time="0.192" errors="0" timestamp="2025-07-26T10:26:14 IST">
  <testcase classname="testBase.BaseClass" name="@BeforeClass setup" time="-1.753505774472E9">
    <failure type="org.testng.TestNGException" message="
Parameter &amp;apos;os&amp;apos; is required by BeforeClass on method setup but has not been marked @Optional or defined
in C:\Users\DELL\eclipse-workspace\OpencartVersion1\test-output\testng-failed.xml">
      <![CDATA[org.testng.TestNGException: 
Parameter 'os' is required by BeforeClass on method setup but has not been marked @Optional or defined
in C:\Users\DELL\eclipse-workspace\OpencartVersion1\test-output\testng-failed.xml
at java.base/java.util.ArrayList.forEach(ArrayList.java:1511)
... Removed 22 stack frames]]>
    </failure>
  </testcase> <!-- @BeforeClass setup -->
  <testcase classname="testBase.BaseClass" name="@AfterClass tearDown" time="0.0">
    <skipped/>
  </testcase> <!-- @AfterClass tearDown -->
  <testcase classname="testCases.TC001_AccountRegistrationTest" name="Verify_account_registration" time="0.0">
    <skipped/>
  </testcase> <!-- Verify_account_registration -->
</testsuite> <!-- Default test(failed) -->
